error[E0463]: can't find crate for `std`
  |
  = note: the `wasm32-unknown-unknown` target may not be installed
  = help: consider downloading the target with `rustup target add wasm32-unknown-unknown`
  = help: consider building the standard library from source with `cargo build -Zbuild-std`

error: aborting due to previous error

For more information about this error, try `rustc --explain E0463`.
error[E0463]: can't find crate for `core`
  |
  = note: the `wasm32-unknown-unknown` target may not be installed
  = help: consider downloading the target with `rustup target add wasm32-unknown-unknown`
  = help: consider building the standard library from source with `cargo build -Zbuild-std`

error[E0463]: can't find crate for `compiler_builtins`

error: aborting due to 2 previous errors

For more information about this error, try `rustc --explain E0463`.
warning: autocfg could not probe for `std`
error[E0463]: can't find crate for `std`
  |
  = note: the `wasm32-unknown-unknown` target may not be installed
  = help: consider downloading the target with `rustup target add wasm32-unknown-unknown`
  = help: consider building the standard library from source with `cargo build -Zbuild-std`

error: cannot find macro `format` in this scope
 --> <anon>:1:26
  |
1 | pub fn probe() { let _ = format!("{:e}", 0_isize); }
  |                          ^^^^^^

error: requires `sized` lang_item

error: aborting due to 3 previous errors

For more information about this error, try `rustc --explain E0463`.
